{
  "0 debug pnpm:scope": {
    "selected": 1
  },
  "1 error pnpm": {
    "code": "ELIFECYCLE",
    "errno": "ENOENT",
    "syscall": "spawn",
    "file": "sh",
    "pkgid": "bimsua-answers@0.1.0",
    "stage": "dev",
    "script": "vite",
    "pkgname": "bimsua-answers",
    "err": {
      "name": "Error",
      "message": "bimsua-answers@0.1.0 dev: `vite`\nspawn ENOENT",
      "code": "ELIFECYCLE",
      "stack": "Error: bimsua-answers@0.1.0 dev: `vite`\nspawn ENOENT\n    at ChildProcess.<anonymous> (/home/shyt/.nvm/versions/node/v15.5.1/pnpm-global/4/node_modules/.pnpm/pnpm@6.2.3/node_modules/pnpm/dist/pnpm.cjs:91368:20)\n    at ChildProcess.emit (node:events:376:20)\n    at maybeClose (node:internal/child_process:1063:16)\n    at Process.ChildProcess._handle.onexit (node:internal/child_process:295:5)"
    }
  }
}